<?xml version="1.0" encoding="UTF-8"?>
<coverage generated="1684277053089" clover="3.2.0">
  <project timestamp="1684277053089" name="All files">
    <metrics statements="44" coveredstatements="40" conditionals="10" coveredconditionals="4" methods="10" coveredmethods="6" elements="64" coveredelements="50" complexity="0" loc="44" ncloc="44" packages="2" files="4" classes="4"/>
    <package name="express-shipping">
      <metrics statements="29" coveredstatements="25" conditionals="8" coveredconditionals="2" methods="8" coveredmethods="4"/>
      <file name="app.js" path="/home/steezrogers/rithm/exercises/express-shipping/app.js">
        <metrics statements="14" coveredstatements="13" conditionals="4" coveredconditionals="2" methods="2" coveredmethods="1"/>
        <line num="5" count="1" type="stmt"/>
        <line num="6" count="1" type="stmt"/>
        <line num="7" count="1" type="stmt"/>
        <line num="8" count="1" type="stmt"/>
        <line num="10" count="1" type="stmt"/>
        <line num="11" count="1" type="stmt"/>
        <line num="15" count="1" type="stmt"/>
        <line num="16" count="0" type="stmt"/>
        <line num="20" count="1" type="stmt"/>
        <line num="21" count="2" type="cond" truecount="1" falsecount="1"/>
        <line num="22" count="2" type="stmt"/>
        <line num="23" count="2" type="cond" truecount="1" falsecount="1"/>
        <line num="24" count="2" type="stmt"/>
        <line num="29" count="1" type="stmt"/>
      </file>
      <file name="expressError.js" path="/home/steezrogers/rithm/exercises/express-shipping/expressError.js">
        <metrics statements="8" coveredstatements="5" conditionals="4" coveredconditionals="0" methods="5" coveredmethods="2"/>
        <line num="11" count="2" type="stmt"/>
        <line num="12" count="2" type="stmt"/>
        <line num="13" count="2" type="stmt"/>
        <line num="21" count="0" type="stmt"/>
        <line num="29" count="0" type="stmt"/>
        <line num="37" count="2" type="stmt"/>
        <line num="45" count="0" type="stmt"/>
        <line num="49" count="1" type="stmt"/>
      </file>
      <file name="shipItApi.js" path="/home/steezrogers/rithm/exercises/express-shipping/shipItApi.js">
        <metrics statements="7" coveredstatements="7" conditionals="0" coveredconditionals="0" methods="1" coveredmethods="1"/>
        <line num="3" count="2" type="stmt"/>
        <line num="4" count="2" type="stmt"/>
        <line num="6" count="2" type="stmt"/>
        <line num="15" count="2" type="stmt"/>
        <line num="17" count="2" type="stmt"/>
        <line num="29" count="2" type="stmt"/>
        <line num="32" count="2" type="stmt"/>
      </file>
    </package>
    <package name="express-shipping.routes">
      <metrics statements="15" coveredstatements="15" conditionals="2" coveredconditionals="2" methods="2" coveredmethods="2"/>
      <file name="shipments.js" path="/home/steezrogers/rithm/exercises/express-shipping/routes/shipments.js">
        <metrics statements="15" coveredstatements="15" conditionals="2" coveredconditionals="2" methods="2" coveredmethods="2"/>
        <line num="3" count="1" type="stmt"/>
        <line num="4" count="1" type="stmt"/>
        <line num="5" count="1" type="stmt"/>
        <line num="6" count="1" type="stmt"/>
        <line num="7" count="1" type="stmt"/>
        <line num="9" count="1" type="stmt"/>
        <line num="19" count="1" type="stmt"/>
        <line num="20" count="3" type="stmt"/>
        <line num="22" count="3" type="cond" truecount="2" falsecount="0"/>
        <line num="23" count="2" type="stmt"/>
        <line num="24" count="2" type="stmt"/>
        <line num="27" count="1" type="stmt"/>
        <line num="28" count="1" type="stmt"/>
        <line num="29" count="1" type="stmt"/>
        <line num="33" count="1" type="stmt"/>
      </file>
    </package>
  </project>
</coverage>
